<?xml version="1.0" encoding="UTF-8"?>
<!-- Generated by org.testng.reporters.JUnitXMLReporter -->
<testsuite hostname="UKLONDLP64" ignored="11" name="Default test" tests="1" failures="0" timestamp="31 May 2018 06:19:32 GMT" time="20.683" errors="0">
  <testcase name="js_executor" time="7.924" classname="testcases.Login_Invalid_Data"/>
  <testcase name="dragdrop" time="0.0" classname="testcases.Login_Invalid_Data">
    <ignored/>
  </testcase> <!-- dragdrop -->
  <testcase name="config_properties_File_use" time="0.0" classname="testcases.Login_Invalid_Data">
    <ignored/>
  </testcase> <!-- config_properties_File_use -->
  <testcase name="headless_browser" time="0.0" classname="testcases.Login_Invalid_Data">
    <ignored/>
  </testcase> <!-- headless_browser -->
  <testcase name="screenshot" time="0.0" classname="testcases.Login_Invalid_Data">
    <ignored/>
  </testcase> <!-- screenshot -->
  <testcase name="CountLinks" time="0.0" classname="testcases.Login_Invalid_Data">
    <ignored/>
  </testcase> <!-- CountLinks -->
  <testcase name="popuphandling" time="0.0" classname="testcases.Login_Invalid_Data">
    <ignored/>
  </testcase> <!-- popuphandling -->
  <testcase name="DynamicXpath" time="0.0" classname="testcases.Login_Invalid_Data">
    <ignored/>
  </testcase> <!-- DynamicXpath -->
  <testcase name="mousemovemnet" time="0.0" classname="testcases.Login_Invalid_Data">
    <ignored/>
  </testcase> <!-- mousemovemnet -->
  <testcase name="pagenavigation" time="0.0" classname="testcases.Login_Invalid_Data">
    <ignored/>
  </testcase> <!-- pagenavigation -->
  <testcase name="ImplicitWait" time="0.0" classname="testcases.Login_Invalid_Data">
    <ignored/>
  </testcase> <!-- ImplicitWait -->
  <testcase name="f" time="0.0" classname="testcases.Login_Invalid_Data">
    <ignored/>
  </testcase> <!-- f -->
</testsuite> <!-- Default test -->
