<?xml version="1.0" encoding="UTF-8"?>
<testng-results skipped="0" failed="0" ignored="6" total="7" passed="1">
  <reporter-output>
  </reporter-output>
  <suite name="Default suite" duration-ms="24793" started-at="2018-05-27T17:02:30Z" finished-at="2018-05-27T17:02:55Z">
    <groups>
    </groups>
    <test name="Default test" duration-ms="24793" started-at="2018-05-27T17:02:30Z" finished-at="2018-05-27T17:02:55Z">
      <class name="testcases.Login_Invalid_Data">
        <test-method status="PASS" signature="beforeMethod()[pri:0, instance:testcases.Login_Invalid_Data@18be83e4]" name="beforeMethod" is-config="true" duration-ms="12085" started-at="2018-05-27T17:02:30Z" finished-at="2018-05-27T17:02:42Z">
          <reporter-output>
          </reporter-output>
        </test-method> <!-- beforeMethod -->
        <test-method status="PASS" signature="pagenavigation()[pri:0, instance:testcases.Login_Invalid_Data@18be83e4]" name="pagenavigation" duration-ms="11330" started-at="2018-05-27T17:02:42Z" finished-at="2018-05-27T17:02:53Z">
          <reporter-output>
          </reporter-output>
        </test-method> <!-- pagenavigation -->
        <test-method status="PASS" signature="afterMethod()[pri:0, instance:testcases.Login_Invalid_Data@18be83e4]" name="afterMethod" is-config="true" duration-ms="1278" started-at="2018-05-27T17:02:53Z" finished-at="2018-05-27T17:02:55Z">
          <reporter-output>
          </reporter-output>
        </test-method> <!-- afterMethod -->
      </class> <!-- testcases.Login_Invalid_Data -->
    </test> <!-- Default test -->
  </suite> <!-- Default suite -->
</testng-results>
