<?xml version="1.0" encoding="UTF-8"?>
<testng-results skipped="0" failed="0" ignored="11" total="12" passed="1">
  <reporter-output>
  </reporter-output>
  <suite name="Default suite" duration-ms="27127" started-at="2018-05-31T23:11:46Z" finished-at="2018-05-31T23:12:14Z">
    <groups>
    </groups>
    <test name="Default test" duration-ms="27127" started-at="2018-05-31T23:11:46Z" finished-at="2018-05-31T23:12:14Z">
      <class name="testcases.Login_Invalid_Data">
        <test-method status="PASS" signature="beforeMethod()[pri:0, instance:testcases.Login_Invalid_Data@3dfc5fb8]" name="beforeMethod" is-config="true" duration-ms="11649" started-at="2018-05-31T23:11:47Z" finished-at="2018-05-31T23:11:58Z">
          <reporter-output>
          </reporter-output>
        </test-method> <!-- beforeMethod -->
        <test-method status="PASS" signature="js_executor()[pri:0, instance:testcases.Login_Invalid_Data@3dfc5fb8]" name="js_executor" duration-ms="14362" started-at="2018-05-31T23:11:58Z" finished-at="2018-05-31T23:12:13Z">
          <reporter-output>
          </reporter-output>
        </test-method> <!-- js_executor -->
        <test-method status="PASS" signature="afterMethod()[pri:0, instance:testcases.Login_Invalid_Data@3dfc5fb8]" name="afterMethod" is-config="true" duration-ms="1013" started-at="2018-05-31T23:12:13Z" finished-at="2018-05-31T23:12:14Z">
          <reporter-output>
          </reporter-output>
        </test-method> <!-- afterMethod -->
      </class> <!-- testcases.Login_Invalid_Data -->
    </test> <!-- Default test -->
  </suite> <!-- Default suite -->
</testng-results>
